<?xml version="1.0" encoding="UTF-8"?>
<testsuite name="servernet.test.TestApplicationTests" tests="1" skipped="0" failures="0" errors="0" timestamp="2024-07-13T07:07:43" hostname="DESKTOP-LG9BFJB" time="1.351">
  <properties/>
  <testcase name="contextLoads()" classname="servernet.test.TestApplicationTests" time="1.351"/>
  <system-out><![CDATA[16:07:38.790 [Test worker] INFO org.springframework.test.context.support.AnnotationConfigContextLoaderUtils -- Could not detect default configuration classes for test class [servernet.test.TestApplicationTests]: TestApplicationTests does not declare any static, non-private, non-final, nested classes annotated with @Configuration.
16:07:39.066 [Test worker] INFO org.springframework.boot.test.context.SpringBootTestContextBootstrapper -- Found @SpringBootConfiguration servernet.test.TestApplication for test class servernet.test.TestApplicationTests

  .   ____          _            __ _ _
 /\\ / ___'_ __ _ _(_)_ __  __ _ \ \ \ \
( ( )\___ | '_ | '_| | '_ \/ _` | \ \ \ \
 \\/  ___)| |_)| | | | | || (_| |  ) ) ) )
  '  |____| .__|_| |_|_| |_\__, | / / / /
 =========|_|==============|___/=/_/_/_/

 :: Spring Boot ::                (v3.3.1)

2024-07-13T16:07:39.887+09:00  INFO 19216 --- [test] [    Test worker] servernet.test.TestApplicationTests      : Starting TestApplicationTests using Java 17.0.7 with PID 19216 (started by user in C:\Users\user\Desktop\방학공부\2024 여름방학\네트워크\test)
2024-07-13T16:07:39.889+09:00  INFO 19216 --- [test] [    Test worker] servernet.test.TestApplicationTests      : No active profile set, falling back to 1 default profile: "default"
2024-07-13T16:07:40.554+09:00  INFO 19216 --- [test] [    Test worker] .s.d.r.c.RepositoryConfigurationDelegate : Bootstrapping Spring Data MongoDB repositories in DEFAULT mode.
2024-07-13T16:07:40.641+09:00  INFO 19216 --- [test] [    Test worker] .s.d.r.c.RepositoryConfigurationDelegate : Finished Spring Data repository scanning in 69 ms. Found 1 MongoDB repository interface.
2024-07-13T16:07:41.692+09:00  INFO 19216 --- [test] [pkr.mongodb.net] org.mongodb.driver.cluster               : Adding discovered server ac-jilhaxi-shard-00-02.sovfpkr.mongodb.net:27017 to client view of cluster
2024-07-13T16:07:41.720+09:00  INFO 19216 --- [test] [    Test worker] org.mongodb.driver.client                : MongoClient with metadata {"application": {"name": "Cluster"}, "driver": {"name": "mongo-java-driver|sync|spring-boot", "version": "5.0.1"}, "os": {"type": "Windows", "name": "Windows 11", "architecture": "amd64", "version": "10.0"}, "platform": "Java/Oracle Corporation/17.0.7+8-LTS-224"} created with settings MongoClientSettings{readPreference=primary, writeConcern=WriteConcern{w=majority, wTimeout=null ms, journal=null}, retryWrites=true, retryReads=true, readConcern=ReadConcern{level=null}, credential=MongoCredential{mechanism=null, userName='cowboylsb', source='admin', password=<hidden>, mechanismProperties=<hidden>}, transportSettings=null, commandListeners=[], codecRegistry=ProvidersCodecRegistry{codecProviders=[ValueCodecProvider{}, BsonValueCodecProvider{}, DBRefCodecProvider{}, DBObjectCodecProvider{}, DocumentCodecProvider{}, CollectionCodecProvider{}, IterableCodecProvider{}, MapCodecProvider{}, GeoJsonCodecProvider{}, GridFSFileCodecProvider{}, Jsr310CodecProvider{}, JsonObjectCodecProvider{}, BsonCodecProvider{}, EnumCodecProvider{}, com.mongodb.client.model.mql.ExpressionCodecProvider@747835f5, com.mongodb.Jep395RecordCodecProvider@594131f2, com.mongodb.KotlinCodecProvider@51d0ec6f]}, loggerSettings=LoggerSettings{maxDocumentLength=1000}, clusterSettings={hosts=[127.0.0.1:27017], srvHost=cluster.sovfpkr.mongodb.net, srvServiceName=mongodb, mode=MULTIPLE, requiredClusterType=REPLICA_SET, requiredReplicaSetName='atlas-ombf0a-shard-0', serverSelector='null', clusterListeners='[]', serverSelectionTimeout='30000 ms', localThreshold='15 ms'}, socketSettings=SocketSettings{connectTimeoutMS=10000, readTimeoutMS=0, receiveBufferSize=0, proxySettings=ProxySettings{host=null, port=null, username=null, password=null}}, heartbeatSocketSettings=SocketSettings{connectTimeoutMS=10000, readTimeoutMS=10000, receiveBufferSize=0, proxySettings=ProxySettings{host=null, port=null, username=null, password=null}}, connectionPoolSettings=ConnectionPoolSettings{maxSize=100, minSize=0, maxWaitTimeMS=120000, maxConnectionLifeTimeMS=0, maxConnectionIdleTimeMS=0, maintenanceInitialDelayMS=0, maintenanceFrequencyMS=60000, connectionPoolListeners=[], maxConnecting=2}, serverSettings=ServerSettings{heartbeatFrequencyMS=10000, minHeartbeatFrequencyMS=500, serverListeners='[]', serverMonitorListeners='[]'}, sslSettings=SslSettings{enabled=true, invalidHostNameAllowed=false, context=null}, applicationName='Cluster', compressorList=[], uuidRepresentation=JAVA_LEGACY, serverApi=null, autoEncryptionSettings=null, dnsClient=null, inetAddressResolver=null, contextProvider=null}
2024-07-13T16:07:41.728+09:00  INFO 19216 --- [test] [pkr.mongodb.net] org.mongodb.driver.cluster               : Adding discovered server ac-jilhaxi-shard-00-00.sovfpkr.mongodb.net:27017 to client view of cluster
2024-07-13T16:07:41.731+09:00  INFO 19216 --- [test] [pkr.mongodb.net] org.mongodb.driver.cluster               : Adding discovered server ac-jilhaxi-shard-00-01.sovfpkr.mongodb.net:27017 to client view of cluster
2024-07-13T16:07:42.315+09:00  INFO 19216 --- [test] [ngodb.net:27017] org.mongodb.driver.cluster               : Monitor thread successfully connected to server with description ServerDescription{address=ac-jilhaxi-shard-00-00.sovfpkr.mongodb.net:27017, type=REPLICA_SET_SECONDARY, state=CONNECTED, ok=true, minWireVersion=0, maxWireVersion=21, maxDocumentSize=16777216, logicalSessionTimeoutMinutes=30, roundTripTimeNanos=297776700, setName='atlas-ombf0a-shard-0', canonicalAddress=ac-jilhaxi-shard-00-00.sovfpkr.mongodb.net:27017, hosts=[ac-jilhaxi-shard-00-00.sovfpkr.mongodb.net:27017, ac-jilhaxi-shard-00-02.sovfpkr.mongodb.net:27017, ac-jilhaxi-shard-00-01.sovfpkr.mongodb.net:27017], passives=[], arbiters=[], primary='ac-jilhaxi-shard-00-02.sovfpkr.mongodb.net:27017', tagSet=TagSet{[Tag{name='availabilityZone', value='apne2-az1'}, Tag{name='diskState', value='READY'}, Tag{name='nodeType', value='ELECTABLE'}, Tag{name='provider', value='AWS'}, Tag{name='region', value='AP_NORTHEAST_2'}, Tag{name='workloadType', value='OPERATIONAL'}]}, electionId=null, setVersion=8, topologyVersion=TopologyVersion{processId=668d450b7f5c9bc55db4b93f, counter=4}, lastWriteDate=Sat Jul 13 16:07:42 KST 2024, lastUpdateTimeNanos=94496381167400}
2024-07-13T16:07:42.315+09:00  INFO 19216 --- [test] [ngodb.net:27017] org.mongodb.driver.cluster               : Monitor thread successfully connected to server with description ServerDescription{address=ac-jilhaxi-shard-00-01.sovfpkr.mongodb.net:27017, type=REPLICA_SET_SECONDARY, state=CONNECTED, ok=true, minWireVersion=0, maxWireVersion=21, maxDocumentSize=16777216, logicalSessionTimeoutMinutes=30, roundTripTimeNanos=297785500, setName='atlas-ombf0a-shard-0', canonicalAddress=ac-jilhaxi-shard-00-01.sovfpkr.mongodb.net:27017, hosts=[ac-jilhaxi-shard-00-00.sovfpkr.mongodb.net:27017, ac-jilhaxi-shard-00-02.sovfpkr.mongodb.net:27017, ac-jilhaxi-shard-00-01.sovfpkr.mongodb.net:27017], passives=[], arbiters=[], primary='ac-jilhaxi-shard-00-02.sovfpkr.mongodb.net:27017', tagSet=TagSet{[Tag{name='availabilityZone', value='apne2-az3'}, Tag{name='diskState', value='READY'}, Tag{name='nodeType', value='ELECTABLE'}, Tag{name='provider', value='AWS'}, Tag{name='region', value='AP_NORTHEAST_2'}, Tag{name='workloadType', value='OPERATIONAL'}]}, electionId=null, setVersion=8, topologyVersion=TopologyVersion{processId=668d45af7d0bfaf9c8b3a4ac, counter=3}, lastWriteDate=Sat Jul 13 16:07:42 KST 2024, lastUpdateTimeNanos=94496381167300}
2024-07-13T16:07:42.315+09:00  INFO 19216 --- [test] [ngodb.net:27017] org.mongodb.driver.cluster               : Monitor thread successfully connected to server with description ServerDescription{address=ac-jilhaxi-shard-00-02.sovfpkr.mongodb.net:27017, type=REPLICA_SET_PRIMARY, state=CONNECTED, ok=true, minWireVersion=0, maxWireVersion=21, maxDocumentSize=16777216, logicalSessionTimeoutMinutes=30, roundTripTimeNanos=297922000, setName='atlas-ombf0a-shard-0', canonicalAddress=ac-jilhaxi-shard-00-02.sovfpkr.mongodb.net:27017, hosts=[ac-jilhaxi-shard-00-00.sovfpkr.mongodb.net:27017, ac-jilhaxi-shard-00-02.sovfpkr.mongodb.net:27017, ac-jilhaxi-shard-00-01.sovfpkr.mongodb.net:27017], passives=[], arbiters=[], primary='ac-jilhaxi-shard-00-02.sovfpkr.mongodb.net:27017', tagSet=TagSet{[Tag{name='availabilityZone', value='apne2-az2'}, Tag{name='diskState', value='READY'}, Tag{name='nodeType', value='ELECTABLE'}, Tag{name='provider', value='AWS'}, Tag{name='region', value='AP_NORTHEAST_2'}, Tag{name='workloadType', value='OPERATIONAL'}]}, electionId=7fffffff0000000000000019, setVersion=8, topologyVersion=TopologyVersion{processId=668d455dece63b8a4bf76099, counter=6}, lastWriteDate=Sat Jul 13 16:07:42 KST 2024, lastUpdateTimeNanos=94496381299500}
2024-07-13T16:07:42.323+09:00  INFO 19216 --- [test] [ngodb.net:27017] org.mongodb.driver.cluster               : Discovered replica set primary ac-jilhaxi-shard-00-02.sovfpkr.mongodb.net:27017 with max election id 7fffffff0000000000000019 and max set version 8
2024-07-13T16:07:43.161+09:00  INFO 19216 --- [test] [    Test worker] servernet.test.TestApplicationTests      : Started TestApplicationTests in 3.767 seconds (process running for 6.425)
]]></system-out>
  <system-err><![CDATA[]]></system-err>
</testsuite>
